[2023-07-19 13:49:37] [INFO] start phase [encrypt] success (github.com/mensylisir/kmpp-middleware/src/server.Server.initialize: 123) {map[]} 
[2023-07-19 13:49:37] [INFO] start phase [db] success (github.com/mensylisir/kmpp-middleware/src/server.Server.initialize: 123) {map[]} 
[2023-07-19 13:49:37] [INFO] no databases change,skip migrate (github.com/mensylisir/kmpp-middleware/src/migrate.(*InitMigrateDBPhase).Init: 76) {map[]} 
[2023-07-19 13:49:37] [INFO] start phase [migrate] success (github.com/mensylisir/kmpp-middleware/src/server.Server.initialize: 123) {map[]} 
[2023-07-19 13:49:37] [INFO] start phase [cron] success (github.com/mensylisir/kmpp-middleware/src/server.Server.initialize: 123) {map[]} 
[2023-07-19 14:38:32] [INFO] start phase [encrypt] success (github.com/mensylisir/kmpp-middleware/src/server.Server.initialize: 123) {map[]} 
[2023-07-19 14:38:33] [INFO] start phase [db] success (github.com/mensylisir/kmpp-middleware/src/server.Server.initialize: 123) {map[]} 
[2023-07-19 14:38:33] [INFO] no databases change,skip migrate (github.com/mensylisir/kmpp-middleware/src/migrate.(*InitMigrateDBPhase).Init: 76) {map[]} 
[2023-07-19 14:38:33] [INFO] start phase [migrate] success (github.com/mensylisir/kmpp-middleware/src/server.Server.initialize: 123) {map[]} 
[2023-07-19 14:38:33] [INFO] start phase [cron] success (github.com/mensylisir/kmpp-middleware/src/server.Server.initialize: 123) {map[]} 
[2023-07-19 14:40:46] [INFO] start phase [encrypt] success (github.com/mensylisir/kmpp-middleware/src/server.Server.initialize: 123) {map[]} 
[2023-07-19 14:40:46] [INFO] start phase [db] success (github.com/mensylisir/kmpp-middleware/src/server.Server.initialize: 123) {map[]} 
[2023-07-19 14:40:46] [INFO] no databases change,skip migrate (github.com/mensylisir/kmpp-middleware/src/migrate.(*InitMigrateDBPhase).Init: 76) {map[]} 
[2023-07-19 14:40:46] [INFO] start phase [migrate] success (github.com/mensylisir/kmpp-middleware/src/server.Server.initialize: 123) {map[]} 
[2023-07-19 14:40:46] [INFO] start phase [cron] success (github.com/mensylisir/kmpp-middleware/src/server.Server.initialize: 123) {map[]} 
[2023-07-19 14:41:15] [INFO] start phase [encrypt] success (github.com/mensylisir/kmpp-middleware/src/server.Server.initialize: 123) {map[]} 
[2023-07-19 14:41:15] [INFO] start phase [db] success (github.com/mensylisir/kmpp-middleware/src/server.Server.initialize: 123) {map[]} 
[2023-07-19 14:41:15] [INFO] no databases change,skip migrate (github.com/mensylisir/kmpp-middleware/src/migrate.(*InitMigrateDBPhase).Init: 76) {map[]} 
[2023-07-19 14:41:15] [INFO] start phase [migrate] success (github.com/mensylisir/kmpp-middleware/src/server.Server.initialize: 123) {map[]} 
[2023-07-19 14:41:15] [INFO] start phase [cron] success (github.com/mensylisir/kmpp-middleware/src/server.Server.initialize: 123) {map[]} 
[2023-07-19 14:42:22] [INFO] start phase [encrypt] success (github.com/mensylisir/kmpp-middleware/src/server.Server.initialize: 123) {map[]} 
[2023-07-19 14:42:22] [INFO] start phase [db] success (github.com/mensylisir/kmpp-middleware/src/server.Server.initialize: 123) {map[]} 
[2023-07-19 14:42:22] [INFO] no databases change,skip migrate (github.com/mensylisir/kmpp-middleware/src/migrate.(*InitMigrateDBPhase).Init: 76) {map[]} 
[2023-07-19 14:42:22] [INFO] start phase [migrate] success (github.com/mensylisir/kmpp-middleware/src/server.Server.initialize: 123) {map[]} 
[2023-07-19 14:42:22] [INFO] start phase [cron] success (github.com/mensylisir/kmpp-middleware/src/server.Server.initialize: 123) {map[]} 
